This file contains any messages produced by compilers while
running configure, to aid debugging if configure makes a mistake.

It was created by matchbox-keyboard configure 0.2, which was
generated by GNU Autoconf 2.69.  Invocation command line was

  $ ./configure --enable-maintainer-mode

## --------- ##
## Platform. ##
## --------- ##

hostname = raspberrypi
uname -m = armv6l
uname -r = 3.12.34+
uname -s = Linux
uname -v = #1 PREEMPT Sun Dec 7 22:39:06 CET 2014

/usr/bin/uname -p = unknown
/bin/uname -X     = unknown

/bin/arch              = unknown
/usr/bin/arch -k       = unknown
/usr/convex/getsysinfo = unknown
/usr/bin/hostinfo      = unknown
/bin/machine           = unknown
/usr/bin/oslevel       = unknown
/bin/universe          = unknown

PATH: /usr/local/sbin
PATH: /usr/local/bin
PATH: /usr/sbin
PATH: /usr/bin
PATH: /sbin
PATH: /bin


## ----------- ##
## Core tests. ##
## ----------- ##

configure:2392: checking for a BSD-compatible install
configure:2460: result: /usr/bin/install -c
configure:2471: checking whether build environment is sane
configure:2521: result: yes
configure:2662: checking for a thread-safe mkdir -p
configure:2701: result: /bin/mkdir -p
configure:2714: checking for gawk
configure:2744: result: no
configure:2714: checking for mawk
configure:2730: found /usr/bin/mawk
configure:2741: result: mawk
configure:2752: checking whether make sets $(MAKE)
configure:2774: result: yes
configure:2868: checking whether make supports nested variables
configure:2885: result: yes
configure:2910: checking for style of include used by make
configure:2938: result: GNU
configure:3009: checking for gcc
configure:3025: found /usr/bin/gcc
configure:3036: result: gcc
configure:3265: checking for C compiler version
configure:3274: gcc --version >&5
gcc (Debian 4.6.3-14+rpi1) 4.6.3
Copyright (C) 2011 Free Software Foundation, Inc.
This is free software; see the source for copying conditions.  There is NO
warranty; not even for MERCHANTABILITY or FITNESS FOR A PARTICULAR PURPOSE.

configure:3285: $? = 0
configure:3274: gcc -v >&5
Using built-in specs.
COLLECT_GCC=gcc
COLLECT_LTO_WRAPPER=/usr/lib/gcc/arm-linux-gnueabihf/4.6/lto-wrapper
Target: arm-linux-gnueabihf
Configured with: ../src/configure -v --with-pkgversion='Debian 4.6.3-14+rpi1' --with-bugurl=file:///usr/share/doc/gcc-4.6/README.Bugs --enable-languages=c,c++,fortran,objc,obj-c++ --prefix=/usr --program-suffix=-4.6 --enable-shared --enable-linker-build-id --with-system-zlib --libexecdir=/usr/lib --without-included-gettext --enable-threads=posix --with-gxx-include-dir=/usr/include/c++/4.6 --libdir=/usr/lib --enable-nls --with-sysroot=/ --enable-clocale=gnu --enable-libstdcxx-debug --enable-libstdcxx-time=yes --enable-gnu-unique-object --enable-plugin --enable-objc-gc --disable-sjlj-exceptions --with-arch=armv6 --with-fpu=vfp --with-float=hard --enable-checking=release --build=arm-linux-gnueabihf --host=arm-linux-gnueabihf --target=arm-linux-gnueabihf
Thread model: posix
gcc version 4.6.3 (Debian 4.6.3-14+rpi1) 
configure:3285: $? = 0
configure:3274: gcc -V >&5
gcc: error: unrecognized option '-V'
gcc: fatal error: no input files
compilation terminated.
configure:3285: $? = 4
configure:3274: gcc -qversion >&5
gcc: error: unrecognized option '-qversion'
gcc: fatal error: no input files
compilation terminated.
configure:3285: $? = 4
configure:3305: checking whether the C compiler works
configure:3327: gcc    conftest.c  >&5
configure:3331: $? = 0
configure:3379: result: yes
configure:3382: checking for C compiler default output file name
configure:3384: result: a.out
configure:3390: checking for suffix of executables
configure:3397: gcc -o conftest    conftest.c  >&5
configure:3401: $? = 0
configure:3423: result: 
configure:3445: checking whether we are cross compiling
configure:3453: gcc -o conftest    conftest.c  >&5
configure:3457: $? = 0
configure:3464: ./conftest
configure:3468: $? = 0
configure:3483: result: no
configure:3488: checking for suffix of object files
configure:3510: gcc -c   conftest.c >&5
configure:3514: $? = 0
configure:3535: result: o
configure:3539: checking whether we are using the GNU C compiler
configure:3558: gcc -c   conftest.c >&5
configure:3558: $? = 0
configure:3567: result: yes
configure:3576: checking whether gcc accepts -g
configure:3596: gcc -c -g  conftest.c >&5
configure:3596: $? = 0
configure:3637: result: yes
configure:3654: checking for gcc option to accept ISO C89
configure:3717: gcc  -c -g -O2  conftest.c >&5
configure:3717: $? = 0
configure:3730: result: none needed
configure:3752: checking dependency style of gcc
configure:3863: result: gcc3
configure:3884: checking how to run the C preprocessor
configure:3915: gcc -E  conftest.c
configure:3915: $? = 0
configure:3929: gcc -E  conftest.c
conftest.c:11:28: fatal error: ac_nonexistent.h: No such file or directory
compilation terminated.
configure:3929: $? = 1
configure: failed program was:
| /* confdefs.h */
| #define PACKAGE_NAME "matchbox-keyboard"
| #define PACKAGE_TARNAME "matchbox-keyboard"
| #define PACKAGE_VERSION "0.2"
| #define PACKAGE_STRING "matchbox-keyboard 0.2"
| #define PACKAGE_BUGREPORT "tomas@sleepfive.com"
| #define PACKAGE_URL ""
| #define PACKAGE "matchbox-keyboard"
| #define VERSION "0.2"
| /* end confdefs.h.  */
| #include <ac_nonexistent.h>
configure:3954: result: gcc -E
configure:3974: gcc -E  conftest.c
configure:3974: $? = 0
configure:3988: gcc -E  conftest.c
conftest.c:11:28: fatal error: ac_nonexistent.h: No such file or directory
compilation terminated.
configure:3988: $? = 1
configure: failed program was:
| /* confdefs.h */
| #define PACKAGE_NAME "matchbox-keyboard"
| #define PACKAGE_TARNAME "matchbox-keyboard"
| #define PACKAGE_VERSION "0.2"
| #define PACKAGE_STRING "matchbox-keyboard 0.2"
| #define PACKAGE_BUGREPORT "tomas@sleepfive.com"
| #define PACKAGE_URL ""
| #define PACKAGE "matchbox-keyboard"
| #define VERSION "0.2"
| /* end confdefs.h.  */
| #include <ac_nonexistent.h>
configure:4017: checking for grep that handles long lines and -e
configure:4075: result: /bin/grep
configure:4080: checking for egrep
configure:4142: result: /bin/grep -E
configure:4147: checking for ANSI C header files
configure:4167: gcc -c -g -O2  conftest.c >&5
configure:4167: $? = 0
configure:4240: gcc -o conftest -g -O2   conftest.c  >&5
configure:4240: $? = 0
configure:4240: ./conftest
configure:4240: $? = 0
configure:4251: result: yes
configure:4264: checking for sys/types.h
configure:4264: gcc -c -g -O2  conftest.c >&5
configure:4264: $? = 0
configure:4264: result: yes
configure:4264: checking for sys/stat.h
configure:4264: gcc -c -g -O2  conftest.c >&5
configure:4264: $? = 0
configure:4264: result: yes
configure:4264: checking for stdlib.h
configure:4264: gcc -c -g -O2  conftest.c >&5
configure:4264: $? = 0
configure:4264: result: yes
configure:4264: checking for string.h
configure:4264: gcc -c -g -O2  conftest.c >&5
configure:4264: $? = 0
configure:4264: result: yes
configure:4264: checking for memory.h
configure:4264: gcc -c -g -O2  conftest.c >&5
configure:4264: $? = 0
configure:4264: result: yes
configure:4264: checking for strings.h
configure:4264: gcc -c -g -O2  conftest.c >&5
configure:4264: $? = 0
configure:4264: result: yes
configure:4264: checking for inttypes.h
configure:4264: gcc -c -g -O2  conftest.c >&5
configure:4264: $? = 0
configure:4264: result: yes
configure:4264: checking for stdint.h
configure:4264: gcc -c -g -O2  conftest.c >&5
configure:4264: $? = 0
configure:4264: result: yes
configure:4264: checking for unistd.h
configure:4264: gcc -c -g -O2  conftest.c >&5
configure:4264: $? = 0
configure:4264: result: yes
configure:4277: checking minix/config.h usability
configure:4277: gcc -c -g -O2  conftest.c >&5
conftest.c:54:26: fatal error: minix/config.h: No such file or directory
compilation terminated.
configure:4277: $? = 1
configure: failed program was:
| /* confdefs.h */
| #define PACKAGE_NAME "matchbox-keyboard"
| #define PACKAGE_TARNAME "matchbox-keyboard"
| #define PACKAGE_VERSION "0.2"
| #define PACKAGE_STRING "matchbox-keyboard 0.2"
| #define PACKAGE_BUGREPORT "tomas@sleepfive.com"
| #define PACKAGE_URL ""
| #define PACKAGE "matchbox-keyboard"
| #define VERSION "0.2"
| #define STDC_HEADERS 1
| #define HAVE_SYS_TYPES_H 1
| #define HAVE_SYS_STAT_H 1
| #define HAVE_STDLIB_H 1
| #define HAVE_STRING_H 1
| #define HAVE_MEMORY_H 1
| #define HAVE_STRINGS_H 1
| #define HAVE_INTTYPES_H 1
| #define HAVE_STDINT_H 1
| #define HAVE_UNISTD_H 1
| /* end confdefs.h.  */
| #include <stdio.h>
| #ifdef HAVE_SYS_TYPES_H
| # include <sys/types.h>
| #endif
| #ifdef HAVE_SYS_STAT_H
| # include <sys/stat.h>
| #endif
| #ifdef STDC_HEADERS
| # include <stdlib.h>
| # include <stddef.h>
| #else
| # ifdef HAVE_STDLIB_H
| #  include <stdlib.h>
| # endif
| #endif
| #ifdef HAVE_STRING_H
| # if !defined STDC_HEADERS && defined HAVE_MEMORY_H
| #  include <memory.h>
| # endif
| # include <string.h>
| #endif
| #ifdef HAVE_STRINGS_H
| # include <strings.h>
| #endif
| #ifdef HAVE_INTTYPES_H
| # include <inttypes.h>
| #endif
| #ifdef HAVE_STDINT_H
| # include <stdint.h>
| #endif
| #ifdef HAVE_UNISTD_H
| # include <unistd.h>
| #endif
| #include <minix/config.h>
configure:4277: result: no
configure:4277: checking minix/config.h presence
configure:4277: gcc -E  conftest.c
conftest.c:21:26: fatal error: minix/config.h: No such file or directory
compilation terminated.
configure:4277: $? = 1
configure: failed program was:
| /* confdefs.h */
| #define PACKAGE_NAME "matchbox-keyboard"
| #define PACKAGE_TARNAME "matchbox-keyboard"
| #define PACKAGE_VERSION "0.2"
| #define PACKAGE_STRING "matchbox-keyboard 0.2"
| #define PACKAGE_BUGREPORT "tomas@sleepfive.com"
| #define PACKAGE_URL ""
| #define PACKAGE "matchbox-keyboard"
| #define VERSION "0.2"
| #define STDC_HEADERS 1
| #define HAVE_SYS_TYPES_H 1
| #define HAVE_SYS_STAT_H 1
| #define HAVE_STDLIB_H 1
| #define HAVE_STRING_H 1
| #define HAVE_MEMORY_H 1
| #define HAVE_STRINGS_H 1
| #define HAVE_INTTYPES_H 1
| #define HAVE_STDINT_H 1
| #define HAVE_UNISTD_H 1
| /* end confdefs.h.  */
| #include <minix/config.h>
configure:4277: result: no
configure:4277: checking for minix/config.h
configure:4277: result: no
configure:4298: checking whether it is safe to define __EXTENSIONS__
configure:4316: gcc -c -g -O2  conftest.c >&5
configure:4316: $? = 0
configure:4323: result: yes
configure:4398: checking build system type
configure:4412: result: armv6l-unknown-linux-gnueabihf
configure:4432: checking host system type
configure:4445: result: armv6l-unknown-linux-gnueabihf
configure:4486: checking how to print strings
configure:4513: result: printf
configure:4534: checking for a sed that does not truncate output
configure:4598: result: /bin/sed
configure:4616: checking for fgrep
configure:4678: result: /bin/grep -F
configure:4713: checking for ld used by gcc
configure:4780: result: /usr/bin/ld
configure:4787: checking if the linker (/usr/bin/ld) is GNU ld
configure:4802: result: yes
configure:4814: checking for BSD- or MS-compatible name lister (nm)
configure:4863: result: /usr/bin/nm -B
configure:4993: checking the name lister (/usr/bin/nm -B) interface
configure:5000: gcc -c -g -O2  conftest.c >&5
configure:5003: /usr/bin/nm -B "conftest.o"
configure:5006: output
00000000 B some_variable
configure:5013: result: BSD nm
configure:5016: checking whether ln -s works
configure:5020: result: yes
configure:5028: checking the maximum length of command line arguments
configure:5158: result: 1572864
configure:5175: checking whether the shell understands some XSI constructs
configure:5185: result: yes
configure:5189: checking whether the shell understands "+="
configure:5195: result: yes
configure:5230: checking how to convert armv6l-unknown-linux-gnueabihf file names to armv6l-unknown-linux-gnueabihf format
configure:5270: result: func_convert_file_noop
configure:5277: checking how to convert armv6l-unknown-linux-gnueabihf file names to toolchain format
configure:5297: result: func_convert_file_noop
configure:5304: checking for /usr/bin/ld option to reload object files
configure:5311: result: -r
configure:5385: checking for objdump
configure:5401: found /usr/bin/objdump
configure:5412: result: objdump
configure:5444: checking how to recognize dependent libraries
configure:5642: result: pass_all
configure:5727: checking for dlltool
configure:5757: result: no
configure:5787: checking how to associate runtime and link libraries
configure:5814: result: printf %s\n
configure:5874: checking for ar
configure:5890: found /usr/bin/ar
configure:5901: result: ar
configure:5938: checking for archiver @FILE support
configure:5955: gcc -c -g -O2  conftest.c >&5
configure:5955: $? = 0
configure:5958: ar cru libconftest.a @conftest.lst >&5
configure:5961: $? = 0
configure:5966: ar cru libconftest.a @conftest.lst >&5
ar: conftest.o: No such file or directory
configure:5969: $? = 1
configure:5981: result: @
configure:6039: checking for strip
configure:6055: found /usr/bin/strip
configure:6066: result: strip
configure:6138: checking for ranlib
configure:6154: found /usr/bin/ranlib
configure:6165: result: ranlib
configure:6267: checking command to parse /usr/bin/nm -B output from gcc object
configure:6387: gcc -c -g -O2  conftest.c >&5
configure:6390: $? = 0
configure:6394: /usr/bin/nm -B conftest.o \| sed -n -e 's/^.*[ ]\([ABCDGIRSTW][ABCDGIRSTW]*\)[ ][ ]*\([_A-Za-z][_A-Za-z0-9]*\)$/\1 \2 \2/p' | sed '/ __gnu_lto/d' \> conftest.nm
configure:6397: $? = 0
configure:6463: gcc -o conftest -g -O2   conftest.c conftstm.o >&5
configure:6466: $? = 0
configure:6504: result: ok
configure:6541: checking for sysroot
configure:6571: result: no
configure:6827: checking for mt
configure:6843: found /bin/mt
configure:6854: result: mt
configure:6877: checking if mt is a manifest tool
configure:6883: mt '-?'
configure:6891: result: no
configure:7530: checking for dlfcn.h
configure:7530: gcc -c -g -O2  conftest.c >&5
configure:7530: $? = 0
configure:7530: result: yes
configure:7706: checking for objdir
configure:7721: result: .libs
configure:7988: checking if gcc supports -fno-rtti -fno-exceptions
configure:8006: gcc -c -g -O2  -fno-rtti -fno-exceptions conftest.c >&5
cc1: warning: command line option '-fno-rtti' is valid for C++/ObjC++ but not for C [enabled by default]
configure:8010: $? = 0
configure:8023: result: no
configure:8350: checking for gcc option to produce PIC
configure:8357: result: -fPIC -DPIC
configure:8365: checking if gcc PIC flag -fPIC -DPIC works
configure:8383: gcc -c -g -O2  -fPIC -DPIC -DPIC conftest.c >&5
configure:8387: $? = 0
configure:8400: result: yes
configure:8429: checking if gcc static flag -static works
configure:8457: result: yes
configure:8472: checking if gcc supports -c -o file.o
configure:8493: gcc -c -g -O2  -o out/conftest2.o conftest.c >&5
configure:8497: $? = 0
configure:8519: result: yes
configure:8527: checking if gcc supports -c -o file.o
configure:8574: result: yes
configure:8607: checking whether the gcc linker (/usr/bin/ld) supports shared libraries
configure:9764: result: yes
configure:9801: checking whether -lc should be explicitly linked in
configure:9809: gcc -c -g -O2  conftest.c >&5
configure:9812: $? = 0
configure:9827: gcc -shared  -fPIC -DPIC conftest.o  -v -Wl,-soname -Wl,conftest -o conftest 2\>\&1 \| /bin/grep  -lc  \>/dev/null 2\>\&1
configure:9830: $? = 0
configure:9844: result: no
configure:10004: checking dynamic linker characteristics
configure:10504: gcc -o conftest -g -O2   -Wl,-rpath -Wl,/foo conftest.c  >&5
configure:10504: $? = 0
configure:10738: result: GNU/Linux ld.so
configure:10845: checking how to hardcode library paths into programs
configure:10870: result: immediate
configure:11410: checking whether stripping libraries is possible
configure:11415: result: yes
configure:11450: checking if libtool supports shared libraries
configure:11452: result: yes
configure:11455: checking whether to build shared libraries
configure:11476: result: yes
configure:11479: checking whether to build static libraries
configure:11483: result: no
configure:11568: checking for gcc
configure:11595: result: gcc
configure:11824: checking for C compiler version
configure:11833: gcc --version >&5
gcc (Debian 4.6.3-14+rpi1) 4.6.3
Copyright (C) 2011 Free Software Foundation, Inc.
This is free software; see the source for copying conditions.  There is NO
warranty; not even for MERCHANTABILITY or FITNESS FOR A PARTICULAR PURPOSE.

configure:11844: $? = 0
configure:11833: gcc -v >&5
Using built-in specs.
COLLECT_GCC=gcc
COLLECT_LTO_WRAPPER=/usr/lib/gcc/arm-linux-gnueabihf/4.6/lto-wrapper
Target: arm-linux-gnueabihf
Configured with: ../src/configure -v --with-pkgversion='Debian 4.6.3-14+rpi1' --with-bugurl=file:///usr/share/doc/gcc-4.6/README.Bugs --enable-languages=c,c++,fortran,objc,obj-c++ --prefix=/usr --program-suffix=-4.6 --enable-shared --enable-linker-build-id --with-system-zlib --libexecdir=/usr/lib --without-included-gettext --enable-threads=posix --with-gxx-include-dir=/usr/include/c++/4.6 --libdir=/usr/lib --enable-nls --with-sysroot=/ --enable-clocale=gnu --enable-libstdcxx-debug --enable-libstdcxx-time=yes --enable-gnu-unique-object --enable-plugin --enable-objc-gc --disable-sjlj-exceptions --with-arch=armv6 --with-fpu=vfp --with-float=hard --enable-checking=release --build=arm-linux-gnueabihf --host=arm-linux-gnueabihf --target=arm-linux-gnueabihf
Thread model: posix
gcc version 4.6.3 (Debian 4.6.3-14+rpi1) 
configure:11844: $? = 0
configure:11833: gcc -V >&5
gcc: error: unrecognized option '-V'
gcc: fatal error: no input files
compilation terminated.
configure:11844: $? = 4
configure:11833: gcc -qversion >&5
gcc: error: unrecognized option '-qversion'
gcc: fatal error: no input files
compilation terminated.
configure:11844: $? = 4
configure:11848: checking whether we are using the GNU C compiler
configure:11876: result: yes
configure:11885: checking whether gcc accepts -g
configure:11946: result: yes
configure:11963: checking for gcc option to accept ISO C89
configure:12039: result: none needed
configure:12061: checking dependency style of gcc
configure:12172: result: gcc3
configure:12190: checking for dirent.h that defines DIR
configure:12209: gcc -c -g -O2  conftest.c >&5
configure:12209: $? = 0
configure:12217: result: yes
configure:12230: checking for library containing opendir
configure:12261: gcc -o conftest -g -O2   conftest.c  >&5
configure:12261: $? = 0
configure:12278: result: none required
configure:12345: checking for ANSI C header files
configure:12449: result: yes
configure:12460: checking for an ANSI C-conforming const
configure:12526: gcc -c -g -O2  conftest.c >&5
configure:12526: $? = 0
configure:12533: result: yes
configure:12541: checking for pid_t
configure:12541: gcc -c -g -O2  conftest.c >&5
configure:12541: $? = 0
configure:12541: gcc -c -g -O2  conftest.c >&5
conftest.c: In function 'main':
conftest.c:66:20: error: expected expression before ')' token
configure:12541: $? = 1
configure: failed program was:
| /* confdefs.h */
| #define PACKAGE_NAME "matchbox-keyboard"
| #define PACKAGE_TARNAME "matchbox-keyboard"
| #define PACKAGE_VERSION "0.2"
| #define PACKAGE_STRING "matchbox-keyboard 0.2"
| #define PACKAGE_BUGREPORT "tomas@sleepfive.com"
| #define PACKAGE_URL ""
| #define PACKAGE "matchbox-keyboard"
| #define VERSION "0.2"
| #define STDC_HEADERS 1
| #define HAVE_SYS_TYPES_H 1
| #define HAVE_SYS_STAT_H 1
| #define HAVE_STDLIB_H 1
| #define HAVE_STRING_H 1
| #define HAVE_MEMORY_H 1
| #define HAVE_STRINGS_H 1
| #define HAVE_INTTYPES_H 1
| #define HAVE_STDINT_H 1
| #define HAVE_UNISTD_H 1
| #define __EXTENSIONS__ 1
| #define _ALL_SOURCE 1
| #define _GNU_SOURCE 1
| #define _POSIX_PTHREAD_SEMANTICS 1
| #define _TANDEM_SOURCE 1
| #define HAVE_DLFCN_H 1
| #define LT_OBJDIR ".libs/"
| #define HAVE_DIRENT_H 1
| #define STDC_HEADERS 1
| /* end confdefs.h.  */
| #include <stdio.h>
| #ifdef HAVE_SYS_TYPES_H
| # include <sys/types.h>
| #endif
| #ifdef HAVE_SYS_STAT_H
| # include <sys/stat.h>
| #endif
| #ifdef STDC_HEADERS
| # include <stdlib.h>
| # include <stddef.h>
| #else
| # ifdef HAVE_STDLIB_H
| #  include <stdlib.h>
| # endif
| #endif
| #ifdef HAVE_STRING_H
| # if !defined STDC_HEADERS && defined HAVE_MEMORY_H
| #  include <memory.h>
| # endif
| # include <string.h>
| #endif
| #ifdef HAVE_STRINGS_H
| # include <strings.h>
| #endif
| #ifdef HAVE_INTTYPES_H
| # include <inttypes.h>
| #endif
| #ifdef HAVE_STDINT_H
| # include <stdint.h>
| #endif
| #ifdef HAVE_UNISTD_H
| # include <unistd.h>
| #endif
| int
| main ()
| {
| if (sizeof ((pid_t)))
| 	    return 0;
|   ;
|   return 0;
| }
configure:12541: result: yes
configure:12552: checking whether time.h and sys/time.h may both be included
configure:12572: gcc -c -g -O2  conftest.c >&5
configure:12572: $? = 0
configure:12579: result: yes
configure:12589: checking for size_t
configure:12589: gcc -c -g -O2  conftest.c >&5
configure:12589: $? = 0
configure:12589: gcc -c -g -O2  conftest.c >&5
conftest.c: In function 'main':
conftest.c:67:21: error: expected expression before ')' token
configure:12589: $? = 1
configure: failed program was:
| /* confdefs.h */
| #define PACKAGE_NAME "matchbox-keyboard"
| #define PACKAGE_TARNAME "matchbox-keyboard"
| #define PACKAGE_VERSION "0.2"
| #define PACKAGE_STRING "matchbox-keyboard 0.2"
| #define PACKAGE_BUGREPORT "tomas@sleepfive.com"
| #define PACKAGE_URL ""
| #define PACKAGE "matchbox-keyboard"
| #define VERSION "0.2"
| #define STDC_HEADERS 1
| #define HAVE_SYS_TYPES_H 1
| #define HAVE_SYS_STAT_H 1
| #define HAVE_STDLIB_H 1
| #define HAVE_STRING_H 1
| #define HAVE_MEMORY_H 1
| #define HAVE_STRINGS_H 1
| #define HAVE_INTTYPES_H 1
| #define HAVE_STDINT_H 1
| #define HAVE_UNISTD_H 1
| #define __EXTENSIONS__ 1
| #define _ALL_SOURCE 1
| #define _GNU_SOURCE 1
| #define _POSIX_PTHREAD_SEMANTICS 1
| #define _TANDEM_SOURCE 1
| #define HAVE_DLFCN_H 1
| #define LT_OBJDIR ".libs/"
| #define HAVE_DIRENT_H 1
| #define STDC_HEADERS 1
| #define TIME_WITH_SYS_TIME 1
| /* end confdefs.h.  */
| #include <stdio.h>
| #ifdef HAVE_SYS_TYPES_H
| # include <sys/types.h>
| #endif
| #ifdef HAVE_SYS_STAT_H
| # include <sys/stat.h>
| #endif
| #ifdef STDC_HEADERS
| # include <stdlib.h>
| # include <stddef.h>
| #else
| # ifdef HAVE_STDLIB_H
| #  include <stdlib.h>
| # endif
| #endif
| #ifdef HAVE_STRING_H
| # if !defined STDC_HEADERS && defined HAVE_MEMORY_H
| #  include <memory.h>
| # endif
| # include <string.h>
| #endif
| #ifdef HAVE_STRINGS_H
| # include <strings.h>
| #endif
| #ifdef HAVE_INTTYPES_H
| # include <inttypes.h>
| #endif
| #ifdef HAVE_STDINT_H
| # include <stdint.h>
| #endif
| #ifdef HAVE_UNISTD_H
| # include <unistd.h>
| #endif
| int
| main ()
| {
| if (sizeof ((size_t)))
| 	    return 0;
|   ;
|   return 0;
| }
configure:12589: result: yes
configure:12602: checking for working alloca.h
configure:12619: gcc -o conftest -g -O2   conftest.c  >&5
configure:12619: $? = 0
configure:12627: result: yes
configure:12635: checking for alloca
configure:12672: gcc -o conftest -g -O2   conftest.c  >&5
configure:12672: $? = 0
configure:12680: result: yes
configure:12786: checking whether closedir returns void
configure:12810: gcc -o conftest -g -O2   conftest.c  >&5
configure:12810: $? = 0
configure:12810: ./conftest
configure:12810: $? = 0
configure:12820: result: no
configure:12830: checking vfork.h usability
configure:12830: gcc -c -g -O2  conftest.c >&5
conftest.c:66:19: fatal error: vfork.h: No such file or directory
compilation terminated.
configure:12830: $? = 1
configure: failed program was:
| /* confdefs.h */
| #define PACKAGE_NAME "matchbox-keyboard"
| #define PACKAGE_TARNAME "matchbox-keyboard"
| #define PACKAGE_VERSION "0.2"
| #define PACKAGE_STRING "matchbox-keyboard 0.2"
| #define PACKAGE_BUGREPORT "tomas@sleepfive.com"
| #define PACKAGE_URL ""
| #define PACKAGE "matchbox-keyboard"
| #define VERSION "0.2"
| #define STDC_HEADERS 1
| #define HAVE_SYS_TYPES_H 1
| #define HAVE_SYS_STAT_H 1
| #define HAVE_STDLIB_H 1
| #define HAVE_STRING_H 1
| #define HAVE_MEMORY_H 1
| #define HAVE_STRINGS_H 1
| #define HAVE_INTTYPES_H 1
| #define HAVE_STDINT_H 1
| #define HAVE_UNISTD_H 1
| #define __EXTENSIONS__ 1
| #define _ALL_SOURCE 1
| #define _GNU_SOURCE 1
| #define _POSIX_PTHREAD_SEMANTICS 1
| #define _TANDEM_SOURCE 1
| #define HAVE_DLFCN_H 1
| #define LT_OBJDIR ".libs/"
| #define HAVE_DIRENT_H 1
| #define STDC_HEADERS 1
| #define TIME_WITH_SYS_TIME 1
| #define HAVE_ALLOCA_H 1
| #define HAVE_ALLOCA 1
| /* end confdefs.h.  */
| #include <stdio.h>
| #ifdef HAVE_SYS_TYPES_H
| # include <sys/types.h>
| #endif
| #ifdef HAVE_SYS_STAT_H
| # include <sys/stat.h>
| #endif
| #ifdef STDC_HEADERS
| # include <stdlib.h>
| # include <stddef.h>
| #else
| # ifdef HAVE_STDLIB_H
| #  include <stdlib.h>
| # endif
| #endif
| #ifdef HAVE_STRING_H
| # if !defined STDC_HEADERS && defined HAVE_MEMORY_H
| #  include <memory.h>
| # endif
| # include <string.h>
| #endif
| #ifdef HAVE_STRINGS_H
| # include <strings.h>
| #endif
| #ifdef HAVE_INTTYPES_H
| # include <inttypes.h>
| #endif
| #ifdef HAVE_STDINT_H
| # include <stdint.h>
| #endif
| #ifdef HAVE_UNISTD_H
| # include <unistd.h>
| #endif
| #include <vfork.h>
configure:12830: result: no
configure:12830: checking vfork.h presence
configure:12830: gcc -E  conftest.c
conftest.c:33:19: fatal error: vfork.h: No such file or directory
compilation terminated.
configure:12830: $? = 1
configure: failed program was:
| /* confdefs.h */
| #define PACKAGE_NAME "matchbox-keyboard"
| #define PACKAGE_TARNAME "matchbox-keyboard"
| #define PACKAGE_VERSION "0.2"
| #define PACKAGE_STRING "matchbox-keyboard 0.2"
| #define PACKAGE_BUGREPORT "tomas@sleepfive.com"
| #define PACKAGE_URL ""
| #define PACKAGE "matchbox-keyboard"
| #define VERSION "0.2"
| #define STDC_HEADERS 1
| #define HAVE_SYS_TYPES_H 1
| #define HAVE_SYS_STAT_H 1
| #define HAVE_STDLIB_H 1
| #define HAVE_STRING_H 1
| #define HAVE_MEMORY_H 1
| #define HAVE_STRINGS_H 1
| #define HAVE_INTTYPES_H 1
| #define HAVE_STDINT_H 1
| #define HAVE_UNISTD_H 1
| #define __EXTENSIONS__ 1
| #define _ALL_SOURCE 1
| #define _GNU_SOURCE 1
| #define _POSIX_PTHREAD_SEMANTICS 1
| #define _TANDEM_SOURCE 1
| #define HAVE_DLFCN_H 1
| #define LT_OBJDIR ".libs/"
| #define HAVE_DIRENT_H 1
| #define STDC_HEADERS 1
| #define TIME_WITH_SYS_TIME 1
| #define HAVE_ALLOCA_H 1
| #define HAVE_ALLOCA 1
| /* end confdefs.h.  */
| #include <vfork.h>
configure:12830: result: no
configure:12830: checking for vfork.h
configure:12830: result: no
configure:12843: checking for fork
configure:12843: gcc -o conftest -g -O2   conftest.c  >&5
conftest.c:56:6: warning: conflicting types for built-in function 'fork' [enabled by default]
configure:12843: $? = 0
configure:12843: result: yes
configure:12843: checking for vfork
configure:12843: gcc -o conftest -g -O2   conftest.c  >&5
configure:12843: $? = 0
configure:12843: result: yes
configure:12853: checking for working fork
configure:12875: gcc -o conftest -g -O2   conftest.c  >&5
configure:12875: $? = 0
configure:12875: ./conftest
configure:12875: $? = 0
configure:12885: result: yes
configure:12906: checking for working vfork
configure:13016: result: yes
configure:13044: checking sys/select.h usability
configure:13044: gcc -c -g -O2  conftest.c >&5
configure:13044: $? = 0
configure:13044: result: yes
configure:13044: checking sys/select.h presence
configure:13044: gcc -E  conftest.c
configure:13044: $? = 0
configure:13044: result: yes
configure:13044: checking for sys/select.h
configure:13044: result: yes
configure:13044: checking sys/socket.h usability
configure:13044: gcc -c -g -O2  conftest.c >&5
configure:13044: $? = 0
configure:13044: result: yes
configure:13044: checking sys/socket.h presence
configure:13044: gcc -E  conftest.c
configure:13044: $? = 0
configure:13044: result: yes
configure:13044: checking for sys/socket.h
configure:13044: result: yes
configure:13054: checking types of arguments for select
configure:13082: gcc -c -g -O2  conftest.c >&5
configure:13082: $? = 0
configure:13093: result: int,fd_set *,struct timeval *
configure:13116: checking return type of signal handlers
configure:13134: gcc -c -g -O2  conftest.c >&5
conftest.c: In function 'main':
conftest.c:48:1: error: void value not ignored as it ought to be
configure:13134: $? = 1
configure: failed program was:
| /* confdefs.h */
| #define PACKAGE_NAME "matchbox-keyboard"
| #define PACKAGE_TARNAME "matchbox-keyboard"
| #define PACKAGE_VERSION "0.2"
| #define PACKAGE_STRING "matchbox-keyboard 0.2"
| #define PACKAGE_BUGREPORT "tomas@sleepfive.com"
| #define PACKAGE_URL ""
| #define PACKAGE "matchbox-keyboard"
| #define VERSION "0.2"
| #define STDC_HEADERS 1
| #define HAVE_SYS_TYPES_H 1
| #define HAVE_SYS_STAT_H 1
| #define HAVE_STDLIB_H 1
| #define HAVE_STRING_H 1
| #define HAVE_MEMORY_H 1
| #define HAVE_STRINGS_H 1
| #define HAVE_INTTYPES_H 1
| #define HAVE_STDINT_H 1
| #define HAVE_UNISTD_H 1
| #define __EXTENSIONS__ 1
| #define _ALL_SOURCE 1
| #define _GNU_SOURCE 1
| #define _POSIX_PTHREAD_SEMANTICS 1
| #define _TANDEM_SOURCE 1
| #define HAVE_DLFCN_H 1
| #define LT_OBJDIR ".libs/"
| #define HAVE_DIRENT_H 1
| #define STDC_HEADERS 1
| #define TIME_WITH_SYS_TIME 1
| #define HAVE_ALLOCA_H 1
| #define HAVE_ALLOCA 1
| #define HAVE_FORK 1
| #define HAVE_VFORK 1
| #define HAVE_WORKING_VFORK 1
| #define HAVE_WORKING_FORK 1
| #define HAVE_SYS_SELECT_H 1
| #define HAVE_SYS_SOCKET_H 1
| #define SELECT_TYPE_ARG1 int
| #define SELECT_TYPE_ARG234 (fd_set *)
| #define SELECT_TYPE_ARG5 (struct timeval *)
| /* end confdefs.h.  */
| #include <sys/types.h>
| #include <signal.h>
| 
| int
| main ()
| {
| return *(signal (0, 0)) (0) == 1;
|   ;
|   return 0;
| }
configure:13141: result: void
configure:13149: checking whether lstat correctly handles trailing slash
configure:13175: gcc -o conftest -g -O2   conftest.c  >&5
configure:13175: $? = 0
configure:13175: ./conftest
configure:13175: $? = 0
configure:13192: result: yes
configure:13211: checking whether stat accepts an empty string
configure:13231: gcc -o conftest -g -O2   conftest.c  >&5
configure:13231: $? = 0
configure:13231: ./conftest
configure:13231: $? = 0
configure:13241: result: no
configure:13422: checking for pkg-config
configure:13440: found /usr/bin/pkg-config
configure:13452: result: /usr/bin/pkg-config
configure:13477: checking pkg-config is at least version 0.9.0
configure:13480: result: yes
configure:13490: checking for FAKEKEY
configure:13497: $PKG_CONFIG --exists --print-errors "libfakekey"
configure:13500: $? = 0
configure:13514: $PKG_CONFIG --exists --print-errors "libfakekey"
configure:13517: $? = 0
configure:13555: result: yes
configure:13658: checking for XFT
configure:13665: $PKG_CONFIG --exists --print-errors "xft xrender"
configure:13668: $? = 0
configure:13682: $PKG_CONFIG --exists --print-errors "xft xrender"
configure:13685: $? = 0
configure:13723: result: yes
configure:13968: checking expat.h usability
configure:13968: gcc -c -g -O2   conftest.c >&5
configure:13968: $? = 0
configure:13968: result: yes
configure:13968: checking expat.h presence
configure:13968: gcc -E   conftest.c
configure:13968: $? = 0
configure:13968: result: yes
configure:13968: checking for expat.h
configure:13968: result: yes
configure:14011: checking for XML_ParserCreate
configure:14011: gcc -o conftest -g -O2    conftest.c  -lexpat >&5
configure:14011: $? = 0
configure:14011: result: yes
configure:14055: checking for PNG
configure:14062: $PKG_CONFIG --exists --print-errors "libpng"
configure:14065: $? = 0
configure:14079: $PKG_CONFIG --exists --print-errors "libpng"
configure:14082: $? = 0
configure:14140: result: yes
configure:14337: creating ./config.status

## ---------------------- ##
## Running config.status. ##
## ---------------------- ##

This file was extended by matchbox-keyboard config.status 0.2, which was
generated by GNU Autoconf 2.69.  Invocation command line was

  CONFIG_FILES    = 
  CONFIG_HEADERS  = 
  CONFIG_LINKS    = 
  CONFIG_COMMANDS = 
  $ ./config.status 

on raspberrypi

config.status:1143: creating Makefile
config.status:1143: creating src/Makefile
config.status:1143: creating src/libmatchbox-keyboard.pc
config.status:1143: creating layouts/Makefile
config.status:1143: creating examples/Makefile
config.status:1143: creating gtk-im/Makefile
config.status:1143: creating applet/Makefile
config.status:1143: creating config.h
config.status:1372: executing depfiles commands
config.status:1372: executing libtool commands
configure:16565: WARNING: unrecognized options: --enable-maintainer-mode

## ---------------- ##
## Cache variables. ##
## ---------------- ##

ac_cv_build=armv6l-unknown-linux-gnueabihf
ac_cv_c_compiler_gnu=yes
ac_cv_c_const=yes
ac_cv_env_APPLET_CFLAGS_set=
ac_cv_env_APPLET_CFLAGS_value=
ac_cv_env_APPLET_LIBS_set=
ac_cv_env_APPLET_LIBS_value=
ac_cv_env_CAIRO_CFLAGS_set=
ac_cv_env_CAIRO_CFLAGS_value=
ac_cv_env_CAIRO_LIBS_set=
ac_cv_env_CAIRO_LIBS_value=
ac_cv_env_CC_set=
ac_cv_env_CC_value=
ac_cv_env_CFLAGS_set=
ac_cv_env_CFLAGS_value=
ac_cv_env_CPPFLAGS_set=
ac_cv_env_CPPFLAGS_value=
ac_cv_env_CPP_set=
ac_cv_env_CPP_value=
ac_cv_env_FAKEKEY_CFLAGS_set=
ac_cv_env_FAKEKEY_CFLAGS_value=
ac_cv_env_FAKEKEY_LIBS_set=
ac_cv_env_FAKEKEY_LIBS_value=
ac_cv_env_GTK2_CFLAGS_set=
ac_cv_env_GTK2_CFLAGS_value=
ac_cv_env_GTK2_LIBS_set=
ac_cv_env_GTK2_LIBS_value=
ac_cv_env_LDFLAGS_set=
ac_cv_env_LDFLAGS_value=
ac_cv_env_LIBS_set=
ac_cv_env_LIBS_value=
ac_cv_env_PKG_CONFIG_LIBDIR_set=
ac_cv_env_PKG_CONFIG_LIBDIR_value=
ac_cv_env_PKG_CONFIG_PATH_set=
ac_cv_env_PKG_CONFIG_PATH_value=
ac_cv_env_PKG_CONFIG_set=
ac_cv_env_PKG_CONFIG_value=
ac_cv_env_PNG_CFLAGS_set=
ac_cv_env_PNG_CFLAGS_value=
ac_cv_env_PNG_LIBS_set=
ac_cv_env_PNG_LIBS_value=
ac_cv_env_XFT_CFLAGS_set=
ac_cv_env_XFT_CFLAGS_value=
ac_cv_env_XFT_LIBS_set=
ac_cv_env_XFT_LIBS_value=
ac_cv_env_build_alias_set=
ac_cv_env_build_alias_value=
ac_cv_env_host_alias_set=
ac_cv_env_host_alias_value=
ac_cv_env_target_alias_set=
ac_cv_env_target_alias_value=
ac_cv_func_XML_ParserCreate=yes
ac_cv_func_alloca_works=yes
ac_cv_func_closedir_void=no
ac_cv_func_fork=yes
ac_cv_func_fork_works=yes
ac_cv_func_lstat_dereferences_slashed_symlink=yes
ac_cv_func_select_args='int,fd_set *,struct timeval *'
ac_cv_func_stat_empty_string_bug=no
ac_cv_func_vfork=yes
ac_cv_func_vfork_works=yes
ac_cv_header_dirent_dirent_h=yes
ac_cv_header_dlfcn_h=yes
ac_cv_header_expat_h=yes
ac_cv_header_inttypes_h=yes
ac_cv_header_memory_h=yes
ac_cv_header_minix_config_h=no
ac_cv_header_stdc=yes
ac_cv_header_stdint_h=yes
ac_cv_header_stdlib_h=yes
ac_cv_header_string_h=yes
ac_cv_header_strings_h=yes
ac_cv_header_sys_select_h=yes
ac_cv_header_sys_socket_h=yes
ac_cv_header_sys_stat_h=yes
ac_cv_header_sys_types_h=yes
ac_cv_header_time=yes
ac_cv_header_unistd_h=yes
ac_cv_header_vfork_h=no
ac_cv_host=armv6l-unknown-linux-gnueabihf
ac_cv_objext=o
ac_cv_path_EGREP='/bin/grep -E'
ac_cv_path_FGREP='/bin/grep -F'
ac_cv_path_GREP=/bin/grep
ac_cv_path_SED=/bin/sed
ac_cv_path_ac_pt_PKG_CONFIG=/usr/bin/pkg-config
ac_cv_path_install='/usr/bin/install -c'
ac_cv_path_mkdir=/bin/mkdir
ac_cv_prog_AWK=mawk
ac_cv_prog_CPP='gcc -E'
ac_cv_prog_ac_ct_AR=ar
ac_cv_prog_ac_ct_CC=gcc
ac_cv_prog_ac_ct_MANIFEST_TOOL=mt
ac_cv_prog_ac_ct_OBJDUMP=objdump
ac_cv_prog_ac_ct_RANLIB=ranlib
ac_cv_prog_ac_ct_STRIP=strip
ac_cv_prog_cc_c89=
ac_cv_prog_cc_g=yes
ac_cv_prog_make_make_set=yes
ac_cv_safe_to_define___extensions__=yes
ac_cv_search_opendir='none required'
ac_cv_type_pid_t=yes
ac_cv_type_signal=void
ac_cv_type_size_t=yes
ac_cv_working_alloca_h=yes
am_cv_CC_dependencies_compiler_type=gcc3
am_cv_make_support_nested_variables=yes
lt_cv_ar_at_file=@
lt_cv_archive_cmds_need_lc=no
lt_cv_deplibs_check_method=pass_all
lt_cv_file_magic_cmd='$MAGIC_CMD'
lt_cv_file_magic_test_file=
lt_cv_ld_reload_flag=-r
lt_cv_nm_interface='BSD nm'
lt_cv_objdir=.libs
lt_cv_path_LD=/usr/bin/ld
lt_cv_path_NM='/usr/bin/nm -B'
lt_cv_path_mainfest_tool=no
lt_cv_prog_compiler_c_o=yes
lt_cv_prog_compiler_pic='-fPIC -DPIC'
lt_cv_prog_compiler_pic_works=yes
lt_cv_prog_compiler_rtti_exceptions=no
lt_cv_prog_compiler_static_works=yes
lt_cv_prog_gnu_ld=yes
lt_cv_sharedlib_from_linklib_cmd='printf %s\n'
lt_cv_shlibpath_overrides_runpath=no
lt_cv_sys_global_symbol_pipe='sed -n -e '\''s/^.*[	 ]\([ABCDGIRSTW][ABCDGIRSTW]*\)[	 ][	 ]*\([_A-Za-z][_A-Za-z0-9]*\)$/\1 \2 \2/p'\'' | sed '\''/ __gnu_lto/d'\'''
lt_cv_sys_global_symbol_to_c_name_address='sed -n -e '\''s/^: \([^ ]*\)[ ]*$/  {\"\1\", (void *) 0},/p'\'' -e '\''s/^[ABCDGIRSTW]* \([^ ]*\) \([^ ]*\)$/  {"\2", (void *) \&\2},/p'\'''
lt_cv_sys_global_symbol_to_c_name_address_lib_prefix='sed -n -e '\''s/^: \([^ ]*\)[ ]*$/  {\"\1\", (void *) 0},/p'\'' -e '\''s/^[ABCDGIRSTW]* \([^ ]*\) \(lib[^ ]*\)$/  {"\2", (void *) \&\2},/p'\'' -e '\''s/^[ABCDGIRSTW]* \([^ ]*\) \([^ ]*\)$/  {"lib\2", (void *) \&\2},/p'\'''
lt_cv_sys_global_symbol_to_cdecl='sed -n -e '\''s/^T .* \(.*\)$/extern int \1();/p'\'' -e '\''s/^[ABCDGIRSTW]* .* \(.*\)$/extern char \1;/p'\'''
lt_cv_sys_max_cmd_len=1572864
lt_cv_to_host_file_cmd=func_convert_file_noop
lt_cv_to_tool_file_cmd=func_convert_file_noop
pkg_cv_FAKEKEY_CFLAGS=' '
pkg_cv_FAKEKEY_LIBS='-lX11 -lXtst -lfakekey  '
pkg_cv_PNG_CFLAGS='-I/usr/include/libpng12  '
pkg_cv_PNG_LIBS='-lpng12  '
pkg_cv_XFT_CFLAGS='-I/usr/include/freetype2  '
pkg_cv_XFT_LIBS='-lXft -lXrender -lX11  '

## ----------------- ##
## Output variables. ##
## ----------------- ##

ACLOCAL='${SHELL} /home/pi/matchbox-keyboard/missing --run aclocal-1.11'
ALLOCA=''
AMDEPBACKSLASH='\'
AMDEP_FALSE='#'
AMDEP_TRUE=''
AMTAR='$${TAR-tar}'
AM_BACKSLASH='\'
AM_DEFAULT_V='$(AM_DEFAULT_VERBOSITY)'
AM_DEFAULT_VERBOSITY='0'
AM_V='$(V)'
APPLET_CFLAGS=''
APPLET_LIBS=''
AR='ar'
AUTOCONF='${SHELL} /home/pi/matchbox-keyboard/missing --run autoconf'
AUTOHEADER='${SHELL} /home/pi/matchbox-keyboard/missing --run autoheader'
AUTOMAKE='${SHELL} /home/pi/matchbox-keyboard/missing --run automake-1.11'
AWK='mawk'
CAIRO_CFLAGS=''
CAIRO_LIBS=''
CC='gcc'
CCDEPMODE='depmode=gcc3'
CFLAGS='-g -O2'
CPP='gcc -E'
CPPFLAGS=''
CYGPATH_W='echo'
DEFS='-DHAVE_CONFIG_H'
DEPDIR='.deps'
DLLTOOL='false'
DSYMUTIL=''
DUMPBIN=''
ECHO_C=''
ECHO_N='-n'
ECHO_T=''
EGREP='/bin/grep -E'
EXEEXT=''
EXPAT_CFLAGS=''
EXPAT_LIBS='-lexpat'
FAKEKEY_CFLAGS='-g -Wall -fno-strict-aliasing  '
FAKEKEY_LIBS='-lX11 -lXtst -lfakekey  '
FGREP='/bin/grep -F'
GREP='/bin/grep'
GTK2_CFLAGS=''
GTK2_LIBS=''
GTK_VERSION=''
HAVE_EXPAT='1'
HAVE_XMLPARSE_H=''
INSTALL_DATA='${INSTALL} -m 644'
INSTALL_PROGRAM='${INSTALL}'
INSTALL_SCRIPT='${INSTALL}'
INSTALL_STRIP_PROGRAM='$(install_sh) -c -s'
LD='/usr/bin/ld'
LDFLAGS=''
LIBOBJS=''
LIBRARY_EXTRA_CFLAGS=' '
LIBRARY_EXTRA_LIBS=' -lexpat'
LIBRARY_REQUIRES='libfakekey xft xrender libpng'
LIBS=''
LIBTOOL='$(SHELL) $(top_builddir)/libtool'
LIPO=''
LN_S='ln -s'
LTLIBOBJS=''
MAKEINFO='${SHELL} /home/pi/matchbox-keyboard/missing --run makeinfo'
MANIFEST_TOOL=':'
MKDIR_P='/bin/mkdir -p'
NM='/usr/bin/nm -B'
NMEDIT=''
OBJDUMP='objdump'
OBJEXT='o'
OTOOL64=''
OTOOL=''
PACKAGE='matchbox-keyboard'
PACKAGE_BUGREPORT='tomas@sleepfive.com'
PACKAGE_NAME='matchbox-keyboard'
PACKAGE_STRING='matchbox-keyboard 0.2'
PACKAGE_TARNAME='matchbox-keyboard'
PACKAGE_URL=''
PACKAGE_VERSION='0.2'
PATH_SEPARATOR=':'
PKG_CONFIG='/usr/bin/pkg-config'
PKG_CONFIG_LIBDIR=''
PKG_CONFIG_PATH=''
PNG_CFLAGS='-I/usr/include/libpng12  '
PNG_LIBS='-lpng12  '
RANLIB='ranlib'
SED='/bin/sed'
SET_MAKE=''
SHELL='/bin/bash'
STRIP='strip'
VERSION='0.2'
WANT_APPLET_FALSE=''
WANT_APPLET_TRUE='#'
WANT_CAIRO_FALSE=''
WANT_CAIRO_TRUE='#'
WANT_EXAMPLES_FALSE=''
WANT_EXAMPLES_TRUE='#'
WANT_GTK_WIDGET_FALSE=''
WANT_GTK_WIDGET_TRUE='#'
WANT_IM_FALSE=''
WANT_IM_TRUE='#'
XFT_CFLAGS='-I/usr/include/freetype2  '
XFT_LIBS='-lXft -lXrender -lX11  '
ac_ct_AR='ar'
ac_ct_CC='gcc'
ac_ct_DUMPBIN=''
am__EXEEXT_FALSE=''
am__EXEEXT_TRUE='#'
am__fastdepCC_FALSE='#'
am__fastdepCC_TRUE=''
am__include='include'
am__isrc=''
am__leading_dot='.'
am__nodep='_no'
am__quote=''
am__tar='$${TAR-tar} chof - "$$tardir"'
am__untar='$${TAR-tar} xf -'
bindir='${exec_prefix}/bin'
build='armv6l-unknown-linux-gnueabihf'
build_alias=''
build_cpu='armv6l'
build_os='linux-gnueabihf'
build_vendor='unknown'
datadir='${datarootdir}'
datarootdir='${prefix}/share'
docdir='${datarootdir}/doc/${PACKAGE_TARNAME}'
dvidir='${docdir}'
exec_prefix='${prefix}'
host='armv6l-unknown-linux-gnueabihf'
host_alias=''
host_cpu='armv6l'
host_os='linux-gnueabihf'
host_vendor='unknown'
htmldir='${docdir}'
includedir='${prefix}/include'
infodir='${datarootdir}/info'
install_sh='${SHELL} /home/pi/matchbox-keyboard/install-sh'
libdir='${exec_prefix}/lib'
libexecdir='${exec_prefix}/libexec'
localedir='${datarootdir}/locale'
localstatedir='${prefix}/var'
mandir='${datarootdir}/man'
mkdir_p='/bin/mkdir -p'
oldincludedir='/usr/include'
pdfdir='${docdir}'
prefix='/usr/local'
program_transform_name='s,x,x,'
psdir='${docdir}'
sbindir='${exec_prefix}/sbin'
sharedstatedir='${prefix}/com'
sysconfdir='${prefix}/etc'
target_alias=''

## ----------- ##
## confdefs.h. ##
## ----------- ##

/* confdefs.h */
#define PACKAGE_NAME "matchbox-keyboard"
#define PACKAGE_TARNAME "matchbox-keyboard"
#define PACKAGE_VERSION "0.2"
#define PACKAGE_STRING "matchbox-keyboard 0.2"
#define PACKAGE_BUGREPORT "tomas@sleepfive.com"
#define PACKAGE_URL ""
#define PACKAGE "matchbox-keyboard"
#define VERSION "0.2"
#define STDC_HEADERS 1
#define HAVE_SYS_TYPES_H 1
#define HAVE_SYS_STAT_H 1
#define HAVE_STDLIB_H 1
#define HAVE_STRING_H 1
#define HAVE_MEMORY_H 1
#define HAVE_STRINGS_H 1
#define HAVE_INTTYPES_H 1
#define HAVE_STDINT_H 1
#define HAVE_UNISTD_H 1
#define __EXTENSIONS__ 1
#define _ALL_SOURCE 1
#define _GNU_SOURCE 1
#define _POSIX_PTHREAD_SEMANTICS 1
#define _TANDEM_SOURCE 1
#define HAVE_DLFCN_H 1
#define LT_OBJDIR ".libs/"
#define HAVE_DIRENT_H 1
#define STDC_HEADERS 1
#define TIME_WITH_SYS_TIME 1
#define HAVE_ALLOCA_H 1
#define HAVE_ALLOCA 1
#define HAVE_FORK 1
#define HAVE_VFORK 1
#define HAVE_WORKING_VFORK 1
#define HAVE_WORKING_FORK 1
#define HAVE_SYS_SELECT_H 1
#define HAVE_SYS_SOCKET_H 1
#define SELECT_TYPE_ARG1 int
#define SELECT_TYPE_ARG234 (fd_set *)
#define SELECT_TYPE_ARG5 (struct timeval *)
#define RETSIGTYPE void
#define LSTAT_FOLLOWS_SLASHED_SYMLINK 1
#define HAVE_XML_PARSERCREATE 1
#define HAVE_EXPAT 1

configure: exit 0
